-------------------------------------------------------------------------------
Test set: com.car.reservation.SpringBootAppApplicationTests
-------------------------------------------------------------------------------
Tests run: 1, Failures: 0, Errors: 1, Skipped: 0, Time elapsed: 0.243 s <<< FAILURE! - in com.car.reservation.SpringBootAppApplicationTests
initializationError(com.car.reservation.SpringBootAppApplicationTests)  Time elapsed: 0.008 s  <<< ERROR!
java.lang.IllegalStateException: Unable to find a @SpringBootConfiguration, you need to use @ContextConfiguration or @SpringBootTest(classes=...) with your test

